This is pdfTeX, Version 3.1415926-2.5-1.40.14 (TeX Live 2013) (format=pdflatex 2014.5.8)  15 AUG 2014 20:05
entering extended mode
 \write18 enabled.
 file:line:error style messages enabled.
 %&-line parsing enabled.
**Ref.bib
(./Ref.bib
LaTeX2e <2011/06/27>
Babel <3.9k> and hyphenation patterns for 78 languages loaded.

./Ref.bib:4: LaTeX Error: Missing \begin{document}.

See the LaTeX manual or LaTeX Companion for explanation.
Type  H <return>  for immediate help.
 ...                                              
                                                  
l.4 @
     ARTICLE{balasubramanian2008nanoscale,
? 
./Ref.bib:4: Emergency stop.
 ...                                              
                                                  
l.4 @
     ARTICLE{balasubramanian2008nanoscale,
You're in trouble here.  Try typing  <return>  to proceed.
If that doesn't work, type  X <return>  to quit.

 
Here is how much of TeX's memory you used:
 7 strings out of 493308
 247 string characters out of 6137817
 52434 words of memory out of 5000000
 3564 multiletter control sequences out of 15000+600000
 3640 words of font info for 14 fonts, out of 8000000 for 9000
 957 hyphenation exceptions out of 8191
 5i,0n,4p,52b,14s stack positions out of 5000i,500n,10000p,200000b,80000s
./Ref.bib:4:  ==> Fatal error occurred, no output PDF file produced!
